<?xml version="1.0" encoding="UTF-8"?>
<testsuite xmlns:xsi="http://www.w3.org/2001/XMLSchema-instance" xsi:noNamespaceSchemaLocation="https://maven.apache.org/surefire/maven-surefire-plugin/xsd/surefire-test-report-3.0.xsd" version="3.0" name="TestSuite" time="12.568" tests="1" errors="0" skipped="0" failures="0">
  <properties>
[...]
</properties>
  <testcase name="testEasy" classname="ejemplo.NewTest" time="3.928">
    <system-err><![CDATA[SLF4J: Failed to load class "org.slf4j.impl.StaticLoggerBinder".
SLF4J: Defaulting to no-operation (NOP) logger implementation
SLF4J: See http://www.slf4j.org/codes.html#StaticLoggerBinder for further details.
1677493024545	geckodriver	INFO	Listening on 127.0.0.1:45656
1677493024942	mozrunner::runner	INFO	Running command: "C:\\Program Files\\Mozilla Firefox\\firefox.exe" "--marionette" "--remote-debugging-port" "41650" "--remote ... ocalhost:41650/,http://[::1]:41650/" "-no-remote" "-profile" "C:\\Users\\Israel\\AppData\\Local\\Temp\\rust_mozprofileZmxX0t"
console.warn: services.settings: Ignoring preference override of remote settings server
console.warn: services.settings: Allow by setting MOZ_REMOTE_SETTINGS_DEVTOOLS=1 in the environment
1677493025671	Marionette	INFO	Marionette enabled
Dynamically enable window occlusion 0
1677493025678	Marionette	INFO	Listening on port 53758
Read port: 53758
WebDriver BiDi listening on ws://127.0.0.1:41650
1677493026076	RemoteAgent	WARN	TLS certificate errors will be ignored for this session
console.warn: SearchSettings: "get: No settings file exists, new profile?" (new NotFoundError("Could not open the file at C:\\Users\\Israel\\AppData\\Local\\Temp\\rust_mozprofileZmxX0t\\search.json.mozlz4", (void 0)))
DevTools listening on ws://127.0.0.1:41650/devtools/browser/6bf67c6f-d87b-43fa-8d93-7fd5a910339d
]]></system-err>
  </testcase>
</testsuite>