<?xml version="1.0" encoding="UTF-8"?>
<testng-results ignored="0" total="1" passed="1" failed="0" skipped="0">
  <reporter-output>
  </reporter-output>
  <suite started-at="2023-02-27T11:17:03 CET" name="Suite" finished-at="2023-02-27T11:17:15 CET" duration-ms="12017">
    <groups>
    </groups>
    <test started-at="2023-02-27T11:17:03 CET" name="Test" finished-at="2023-02-27T11:17:15 CET" duration-ms="12017">
      <class name="ejemplo.NewTest">
        <test-method is-config="true" signature="beforeTest()[pri:0, instance:ejemplo.NewTest@47d9a273]" started-at="2023-02-27T11:17:03 CET" name="beforeTest" finished-at="2023-02-27T11:17:09 CET" duration-ms="6004" status="PASS">
          <reporter-output>
          </reporter-output>
        </test-method> <!-- beforeTest -->
        <test-method signature="testEasy()[pri:0, instance:ejemplo.NewTest@47d9a273]" started-at="2023-02-27T11:17:09 CET" name="testEasy" finished-at="2023-02-27T11:17:12 CET" duration-ms="3915" status="PASS">
          <reporter-output>
          </reporter-output>
        </test-method> <!-- testEasy -->
        <test-method is-config="true" signature="afterTest()[pri:0, instance:ejemplo.NewTest@47d9a273]" started-at="2023-02-27T11:17:12 CET" name="afterTest" finished-at="2023-02-27T11:17:15 CET" duration-ms="2050" status="PASS">
          <reporter-output>
          </reporter-output>
        </test-method> <!-- afterTest -->
      </class> <!-- ejemplo.NewTest -->
    </test> <!-- Test -->
  </suite> <!-- Suite -->
</testng-results>
